<?xml version="1.0" encoding="UTF-8"?>
<testsuite xmlns:xsi="http://www.w3.org/2001/XMLSchema-instance" xsi:noNamespaceSchemaLocation="https://maven.apache.org/surefire/maven-surefire-plugin/xsd/surefire-test-report-3.0.xsd" version="3.0" name="br.com.restaurant.pagamento.application.usecase.ProcessPaymentUseCaseTest" time="0.007" tests="3" errors="0" skipped="0" failures="0">
  <properties>
[...]
</properties>
  <testcase name="whenProcessorThrowsException_exceptionPropagates" classname="br.com.restaurant.pagamento.application.usecase.ProcessPaymentUseCaseTest" time="0.002">
    <system-out><![CDATA[20:49:32.049 [main] INFO br.com.restaurant.pagamento.application.usecase.ProcessPaymentUseCase -- [ProcessPaymentUseCase] Processing payment. orderId=order-102
]]></system-out>
  </testcase>
  <testcase name="whenProcessorReturnsApproved_shouldPublishApproved" classname="br.com.restaurant.pagamento.application.usecase.ProcessPaymentUseCaseTest" time="0.001">
    <system-out><![CDATA[20:49:32.052 [main] INFO br.com.restaurant.pagamento.application.usecase.ProcessPaymentUseCase -- [ProcessPaymentUseCase] Processing payment. orderId=order-100
20:49:32.052 [main] INFO br.com.restaurant.pagamento.application.usecase.ProcessPaymentUseCase -- [ProcessPaymentUseCase] Payment approved. orderId=order-100, transactionId=txn-123
]]></system-out>
  </testcase>
  <testcase name="whenProcessorReturnsFailed_shouldThrowPaymentProcessingException" classname="br.com.restaurant.pagamento.application.usecase.ProcessPaymentUseCaseTest" time="0.002">
    <system-out><![CDATA[20:49:32.053 [main] INFO br.com.restaurant.pagamento.application.usecase.ProcessPaymentUseCase -- [ProcessPaymentUseCase] Processing payment. orderId=order-101
20:49:32.053 [main] WARN br.com.restaurant.pagamento.application.usecase.ProcessPaymentUseCase -- [ProcessPaymentUseCase] Payment failed, triggering Kafka retry. orderId=order-101, reason=TIMEOUT
]]></system-out>
  </testcase>
</testsuite>